<?xml version="1.0" encoding="UTF-8"?>
<testsuite xmlns:xsi="http://www.w3.org/2001/XMLSchema-instance" xsi:schemaLocation="https://maven.apache.org/surefire/maven-surefire-plugin/xsd/surefire-test-report.xsd" name="org.fuse.usecase.TransformationTest" time="1.895" tests="1" errors="0" skipped="0" failures="1">
  <properties>
[...]
</properties>
  <testcase name="transform" classname="org.fuse.usecase.TransformationTest" time="1.81">
    <failure message="mock://transform-test-output Body of message: 0. Expected: &lt;x&gt; but was: &lt;{&quot;company&quot;:{&quot;name&quot;:&quot;Rotobots&quot;,&quot;geo&quot;:null,&quot;active&quot;:false},&quot;contact&quot;:null}&gt;" type="java.lang.AssertionError"><![CDATA[java.lang.AssertionError: mock://transform-test-output Body of message: 0. Expected: <x> but was: <{"company":{"name":"Rotobots","geo":null,"active":false},"contact":null}>
	at org.fuse.usecase.TransformationTest.transform(TransformationTest.java:28)
]]></failure>
    <system-out><![CDATA[main INFO [org.fuse.usecase.TransformationTest] - ********************************************************************************
main INFO [org.fuse.usecase.TransformationTest] - Testing: transform(org.fuse.usecase.TransformationTest)
main INFO [org.fuse.usecase.TransformationTest] - ********************************************************************************
main INFO [org.springframework.context.support.ClassPathXmlApplicationContext] - Refreshing org.springframework.context.support.ClassPathXmlApplicationContext@13deb50e: startup date [Tue May 03 13:40:34 BST 2016]; root of context hierarchy
main INFO [org.springframework.beans.factory.xml.XmlBeanDefinitionReader] - Loading XML bean definitions from class path resource [META-INF/spring/camel-context.xml]
main INFO [org.springframework.beans.factory.support.DefaultListableBeanFactory] - Overriding bean definition for bean 'transform': replacing [Generic bean: class [org.apache.camel.spring.CamelEndpointFactoryBean]; scope=; abstract=false; lazyInit=false; autowireMode=0; dependencyCheck=0; autowireCandidate=true; primary=false; factoryBeanName=null; factoryMethodName=null; initMethodName=null; destroyMethodName=null] with [Generic bean: class [org.apache.camel.spring.CamelEndpointFactoryBean]; scope=; abstract=false; lazyInit=false; autowireMode=0; dependencyCheck=0; autowireCandidate=true; primary=false; factoryBeanName=null; factoryMethodName=null; initMethodName=null; destroyMethodName=null]
main INFO [org.springframework.beans.factory.support.DefaultListableBeanFactory] - Pre-instantiating singletons in org.springframework.beans.factory.support.DefaultListableBeanFactory@74f6c5d8: defining beans [properties,transform,template,consumerTemplate,camel-1:beanPostProcessor,camel-1]; root of factory hierarchy
main INFO [org.apache.camel.impl.converter.DefaultTypeConverter] - Loaded 183 type converters
main INFO [org.apache.camel.spring.SpringCamelContext] - Apache Camel 2.15.1.redhat-621084 (CamelContext: camel-1) is starting
main INFO [org.apache.camel.management.ManagedManagementStrategy] - JMX is enabled
main INFO [org.dozer.config.GlobalSettings] - Trying to find Dozer configuration file: dozer.properties
main WARN [org.dozer.config.GlobalSettings] - Dozer configuration file not found: dozer.properties.  Using defaults for all Dozer global properties.
main INFO [org.apache.camel.component.dozer.DozerComponent] - Configuring GlobalSettings to enable EL
main INFO [org.dozer.DozerInitializer] - Initializing Dozer. Version: 5.5.0, Thread Name: main
main INFO [org.dozer.jmx.JMXPlatformImpl] - Dozer JMX MBean [org.dozer.jmx:type=DozerStatisticsController] auto registered with the Platform MBean Server
main INFO [org.dozer.jmx.JMXPlatformImpl] - Dozer JMX MBean [org.dozer.jmx:type=DozerAdminController] auto registered with the Platform MBean Server
main INFO [org.dozer.DozerBeanMapper] - Initializing a new instance of dozer bean mapper.
main INFO [org.apache.camel.component.dozer.DozerEndpoint] - Loading Dozer mapping file csv2json.xml.
main INFO [org.apache.camel.spring.SpringCamelContext] - AllowUseOriginalMessage is enabled. If access to the original message is not needed, then its recommended to turn this option off as it may improve performance.
main INFO [org.apache.camel.spring.SpringCamelContext] - StreamCaching is not in use. If using streams then its recommended to enable stream caching. See more details at http://camel.apache.org/stream-caching.html
main INFO [org.apache.camel.component.file.FileEndpoint] - Endpoint is configured with noop=true so forcing endpoint to be idempotent as well
main INFO [org.apache.camel.component.file.FileEndpoint] - Using default memory based idempotent repository with cache max size: 1000
main INFO [org.apache.camel.spring.SpringCamelContext] - Route: route1 started and consuming from: Endpoint[file://src/data/inbox?fileName=customers.csv&noop=true]
main INFO [org.apache.camel.spring.SpringCamelContext] - Route: route2 started and consuming from: Endpoint[direct://transform-test-input]
main INFO [org.apache.camel.spring.SpringCamelContext] - Total 2 routes, of which 2 is started.
main INFO [org.apache.camel.spring.SpringCamelContext] - Apache Camel 2.15.1.redhat-621084 (CamelContext: camel-1) started in 0.299 seconds
main INFO [route2] - Before transformation:
 Rotobots,NA,true,Bill,Smith,100 N Park Ave.,Phoenix,AZ,85017,602-555-1100
main INFO [org.apache.camel.component.jackson.JacksonDataFormat] - Registering module: com.fasterxml.jackson.module.jaxb.JaxbAnnotationModule@2e27d72f
main INFO [route2] - After transformation:
 {"company":{"name":"Rotobots","geo":null,"active":false},"contact":null}
main INFO [org.apache.camel.component.mock.MockEndpoint] - Asserting: Endpoint[mock://transform-test-output] is satisfied
main INFO [org.fuse.usecase.TransformationTest] - ********************************************************************************
main INFO [org.fuse.usecase.TransformationTest] - Testing done: transform(org.fuse.usecase.TransformationTest)
main INFO [org.fuse.usecase.TransformationTest] - Took: 0.201 seconds (201 millis)
main INFO [org.fuse.usecase.TransformationTest] - ********************************************************************************
main INFO [org.apache.camel.spring.SpringCamelContext] - Apache Camel 2.15.1.redhat-621084 (CamelContext: camel-1) is shutting down
main INFO [org.apache.camel.impl.DefaultShutdownStrategy] - Starting to graceful shutdown 2 routes (timeout 10 seconds)
Camel (camel-1) thread #1 - ShutdownTask INFO [org.apache.camel.impl.DefaultShutdownStrategy] - Route: route2 shutdown complete, was consuming from: Endpoint[direct://transform-test-input]
Camel (camel-1) thread #1 - ShutdownTask INFO [org.apache.camel.impl.DefaultShutdownStrategy] - Route: route1 shutdown complete, was consuming from: Endpoint[file://src/data/inbox?fileName=customers.csv&noop=true]
main INFO [org.apache.camel.impl.DefaultShutdownStrategy] - Graceful shutdown of 2 routes completed in 0 seconds
main INFO [org.apache.camel.spring.SpringCamelContext] - Apache Camel 2.15.1.redhat-621084 (CamelContext: camel-1) uptime 0.512 seconds
main INFO [org.apache.camel.spring.SpringCamelContext] - Apache Camel 2.15.1.redhat-621084 (CamelContext: camel-1) is shutdown in 0.007 seconds
main INFO [org.springframework.context.support.ClassPathXmlApplicationContext] - Closing org.springframework.context.support.ClassPathXmlApplicationContext@13deb50e: startup date [Tue May 03 13:40:34 BST 2016]; root of context hierarchy
main INFO [org.springframework.beans.factory.support.DefaultListableBeanFactory] - Destroying singletons in org.springframework.beans.factory.support.DefaultListableBeanFactory@74f6c5d8: defining beans [properties,transform,template,consumerTemplate,camel-1:beanPostProcessor,camel-1]; root of factory hierarchy
]]></system-out>
  </testcase>
</testsuite>